Arguments: 
  /Users/panda/.asdf/installs/nodejs/12.22.3/bin/node /usr/local/Cellar/yarn/1.22.10/libexec/bin/yarn.js

PATH: 
  /Users/panda/.asdf/plugins/nodejs/shims:/Users/panda/.asdf/installs/nodejs/12.22.3/.npm/bin:/Users/panda/.asdf/installs/nodejs/12.22.3/bin:/Users/panda/.asdf/shims:/Users/panda/.asdf/bin:/Users/panda/.pyenv/shims:/Users/panda/.pyenv/bin:/usr/local/bin:/usr/bin:/bin:/usr/sbin:/sbin:/Users/panda/.pyenv/shims:/Users/panda/.local/bin:/Users/panda/Library/Python/3.7/bin:/Users/panda/.npm-global/bin:/Users/panda/.local/bin:/Users/panda/Library/Python/3.7/bin:/Users/panda/.npm-global/bin

Yarn version: 
  1.22.10

Node version: 
  12.22.3

Platform: 
  darwin x64

Trace: 
  SyntaxError: /Users/panda/Repository/ftmzap/package.json: Unexpected token } in JSON at position 570
      at JSON.parse (<anonymous>)
      at /usr/local/Cellar/yarn/1.22.10/libexec/lib/cli.js:1625:59
      at Generator.next (<anonymous>)
      at step (/usr/local/Cellar/yarn/1.22.10/libexec/lib/cli.js:310:30)
      at /usr/local/Cellar/yarn/1.22.10/libexec/lib/cli.js:321:13

npm manifest: 
  {
      "name": "yearn-protocol",
      "version": "0.0.0",
      "devDependencies": {
          "prettier": "^2.3.2",
          "prettier-plugin-solidity": "^1.0.0-beta.13",
          "pretty-quick": "^3.1.1",
          "solhint": "^3.3.6",
          "solhint-plugin-prettier": "^0.0.5"
      },
      "scripts": {
          "format": "prettier --write 'contracts/**/*.sol' --verbose",
          "format:check": "prettier --check '**/*.*(sol|json)'",
          "format:fix": "pretty-quick --pattern '**/*.*(sol|json)' --staged --verbose",
          "hint": "solhint \"contracts/**/*.sol\""
      },
  }

yarn manifest: 
  No manifest

Lockfile: 
  No lockfile
